<?xml version="1.0" encoding="UTF-8"?>
<testsuite xmlns:xsi="http://www.w3.org/2001/XMLSchema-instance" xsi:noNamespaceSchemaLocation="https://maven.apache.org/surefire/maven-surefire-plugin/xsd/surefire-test-report.xsd" version="3.0.2" name="com.notification_service.NotificationServiceIntegrationTest" time="33.356" tests="1" errors="1" skipped="0" failures="0">
  <properties>
[...]
</properties>
  <testcase name="" classname="com.notification_service.NotificationServiceIntegrationTest" time="33.356">
    <error message="Container startup failed for image confluentinc/cp-kafka:7.4.0" type="org.testcontainers.containers.ContainerLaunchException"><![CDATA[org.testcontainers.containers.ContainerLaunchException: Container startup failed for image confluentinc/cp-kafka:7.4.0
	at org.testcontainers.containers.GenericContainer.doStart(GenericContainer.java:346)
	at org.testcontainers.containers.GenericContainer.start(GenericContainer.java:317)
	at org.testcontainers.junit.jupiter.TestcontainersExtension$StoreAdapter.start(TestcontainersExtension.java:242)
	at org.testcontainers.junit.jupiter.TestcontainersExtension$StoreAdapter.access$200(TestcontainersExtension.java:229)
	at org.testcontainers.junit.jupiter.TestcontainersExtension.lambda$null$1(TestcontainersExtension.java:56)
	at java.base/java.util.concurrent.FutureTask.run(FutureTask.java:264)
	at org.testcontainers.junit.jupiter.TestcontainersExtension.lambda$beforeAll$2(TestcontainersExtension.java:56)
	at java.base/java.util.ArrayList.forEach(ArrayList.java:1511)
	at org.testcontainers.junit.jupiter.TestcontainersExtension.beforeAll(TestcontainersExtension.java:55)
	at java.base/java.util.ArrayList.forEach(ArrayList.java:1511)
Caused by: org.rnorth.ducttape.RetryCountExceededException: Retry limit hit with exception
	at org.rnorth.ducttape.unreliables.Unreliables.retryUntilSuccess(Unreliables.java:88)
	at org.testcontainers.containers.GenericContainer.doStart(GenericContainer.java:331)
	... 9 more
Caused by: org.testcontainers.containers.ContainerLaunchException: Could not create/start container
	at org.testcontainers.containers.GenericContainer.tryStart(GenericContainer.java:551)
	at org.testcontainers.containers.GenericContainer.lambda$doStart$0(GenericContainer.java:341)
	at org.rnorth.ducttape.unreliables.Unreliables.retryUntilSuccess(Unreliables.java:81)
	... 10 more
Caused by: java.lang.IllegalStateException: Wait strategy failed. Container exited with code 255
	at org.testcontainers.containers.GenericContainer.tryStart(GenericContainer.java:520)
	... 12 more
Caused by: org.testcontainers.containers.ContainerLaunchException: Timed out waiting for container port to open (localhost ports: [60940, 60941] should be listening)
	at org.testcontainers.containers.wait.strategy.HostPortWaitStrategy.waitUntilReady(HostPortWaitStrategy.java:112)
	at org.testcontainers.containers.wait.strategy.AbstractWaitStrategy.waitUntilReady(AbstractWaitStrategy.java:52)
	at org.testcontainers.containers.GenericContainer.waitUntilContainerStarted(GenericContainer.java:904)
	at org.testcontainers.containers.GenericContainer.tryStart(GenericContainer.java:487)
	... 12 more
]]></error>
    <system-out><![CDATA[2026-02-28T18:48:09.970-05:00  INFO 22944 --- [notification-service] [           main] t.c.s.AnnotationConfigContextLoaderUtils : Could not detect default configuration classes for test class [com.notification_service.NotificationServiceIntegrationTest]: NotificationServiceIntegrationTest does not declare any static, non-private, non-final, nested classes annotated with @Configuration.
2026-02-28T18:48:09.976-05:00  INFO 22944 --- [notification-service] [           main] .b.t.c.SpringBootTestContextBootstrapper : Found @SpringBootConfiguration com.notification_service.NotificationServiceApplication for test class com.notification_service.NotificationServiceIntegrationTest
2026-02-28T18:48:10.038-05:00  WARN 22944 --- [notification-service] [ntainer#0-0-C-1] org.apache.kafka.clients.NetworkClient   : [Consumer clientId=consumer-notification-group-1, groupId=notification-group] The metadata response from the cluster reported a recoverable issue with correlation id 3 : {order-placed-topic=LEADER_NOT_AVAILABLE}
2026-02-28T18:48:10.038-05:00  INFO 22944 --- [notification-service] [ntainer#0-0-C-1] org.apache.kafka.clients.Metadata        : [Consumer clientId=consumer-notification-group-1, groupId=notification-group] Cluster ID: MnY9Xj6kR3i2i5cTLF6HCw
2026-02-28T18:48:10.039-05:00  INFO 22944 --- [notification-service] [ntainer#0-0-C-1] o.a.k.c.c.internals.ConsumerCoordinator  : [Consumer clientId=consumer-notification-group-1, groupId=notification-group] Discovered group coordinator localhost:9092 (id: 2147483646 rack: null isFenced: false)
2026-02-28T18:48:10.042-05:00  INFO 22944 --- [notification-service] [ntainer#0-0-C-1] o.a.k.c.c.internals.ConsumerCoordinator  : [Consumer clientId=consumer-notification-group-1, groupId=notification-group] (Re-)joining group
2026-02-28T18:48:10.061-05:00  INFO 22944 --- [notification-service] [ntainer#0-0-C-1] o.a.k.c.c.internals.ConsumerCoordinator  : [Consumer clientId=consumer-notification-group-1, groupId=notification-group] Request joining group due to: need to re-join with the given member-id: consumer-notification-group-1-f38fc6a6-9e0f-4712-9345-402f1070e990
2026-02-28T18:48:10.062-05:00  INFO 22944 --- [notification-service] [ntainer#0-0-C-1] o.a.k.c.c.internals.ConsumerCoordinator  : [Consumer clientId=consumer-notification-group-1, groupId=notification-group] (Re-)joining group
2026-02-28T18:48:10.063-05:00  INFO 22944 --- [notification-service] [           main] org.testcontainers.images.PullPolicy     : Image pull policy will be performed by: DefaultPullPolicy()
2026-02-28T18:48:10.069-05:00  INFO 22944 --- [notification-service] [           main] o.t.utility.ImageNameSubstitutor         : Image name substitution will be performed by: DefaultImageNameSubstitutor (composite of 'ConfigurationFileImageNameSubstitutor' and 'PrefixingImageNameSubstitutor')
2026-02-28T18:48:10.090-05:00  INFO 22944 --- [notification-service] [           main] org.testcontainers.DockerClientFactory   : Testcontainers version: 2.0.3
2026-02-28T18:48:10.184-05:00  WARN 22944 --- [notification-service] [ntainer#0-0-C-1] org.apache.kafka.clients.NetworkClient   : [Consumer clientId=consumer-notification-group-1, groupId=notification-group] The metadata response from the cluster reported a recoverable issue with correlation id 11 : {order-placed-topic=LEADER_NOT_AVAILABLE}
2026-02-28T18:48:10.518-05:00  INFO 22944 --- [notification-service] [           main] o.t.d.DockerClientProviderStrategy       : Loaded org.testcontainers.dockerclient.NpipeSocketClientProviderStrategy from ~/.testcontainers.properties, will try it first
2026-02-28T18:48:11.228-05:00  INFO 22944 --- [notification-service] [           main] o.t.d.DockerClientProviderStrategy       : Found Docker environment with local Npipe socket (npipe:////./pipe/docker_engine)
2026-02-28T18:48:11.229-05:00  INFO 22944 --- [notification-service] [           main] org.testcontainers.DockerClientFactory   : Docker host IP address is localhost
2026-02-28T18:48:11.255-05:00  INFO 22944 --- [notification-service] [           main] org.testcontainers.DockerClientFactory   : Connected to docker: 
  Server Version: 29.2.1
  API Version: 1.53
  Operating System: Docker Desktop
  Total Memory: 7860 MB
  Labels: 
    com.docker.desktop.address=npipe://\\.\pipe\docker_cli
2026-02-28T18:48:11.291-05:00  INFO 22944 --- [notification-service] [           main] tc.testcontainers/ryuk:0.13.0            : Creating container for image: testcontainers/ryuk:0.13.0
2026-02-28T18:48:11.600-05:00  INFO 22944 --- [notification-service] [           main] tc.testcontainers/ryuk:0.13.0            : Container testcontainers/ryuk:0.13.0 is starting: cd9254916b864ec9f740ac0923752829d47b11167191c75fb337ff437b9ffd99
2026-02-28T18:48:12.207-05:00  INFO 22944 --- [notification-service] [           main] tc.testcontainers/ryuk:0.13.0            : Container testcontainers/ryuk:0.13.0 started in PT0.9166765S
2026-02-28T18:48:12.220-05:00  INFO 22944 --- [notification-service] [           main] o.t.utility.RyukResourceReaper           : Ryuk started - will monitor and terminate Testcontainers containers on JVM exit
2026-02-28T18:48:12.221-05:00  INFO 22944 --- [notification-service] [           main] org.testcontainers.DockerClientFactory   : Checking the system...
2026-02-28T18:48:12.222-05:00  INFO 22944 --- [notification-service] [           main] org.testcontainers.DockerClientFactory   : ✔︎ Docker server version should be at least 1.6.0
2026-02-28T18:48:12.223-05:00  INFO 22944 --- [notification-service] [           main] tc.confluentinc/cp-kafka:7.4.0           : Creating container for image: confluentinc/cp-kafka:7.4.0
2026-02-28T18:48:12.309-05:00  INFO 22944 --- [notification-service] [           main] tc.confluentinc/cp-kafka:7.4.0           : Container confluentinc/cp-kafka:7.4.0 is starting: 99a362d19b89d4146b3d966f50abfb91d9881fb24d68317a2aef08946b194ddc
2026-02-28T18:48:12.857-05:00  INFO 22944 --- [notification-service] [ntainer#1-0-C-1] o.a.k.c.c.internals.ConsumerCoordinator  : [Consumer clientId=consumer-notification-group-2, groupId=notification-group] Successfully joined group with generation Generation{generationId=3, memberId='consumer-notification-group-2-d20ea6d0-63ca-44f2-9c23-5e456cfbdf61', protocol='range'}
2026-02-28T18:48:12.857-05:00  INFO 22944 --- [notification-service] [ntainer#0-0-C-1] o.a.k.c.c.internals.ConsumerCoordinator  : [Consumer clientId=consumer-notification-group-1, groupId=notification-group] Successfully joined group with generation Generation{generationId=3, memberId='consumer-notification-group-1-f38fc6a6-9e0f-4712-9345-402f1070e990', protocol='range'}
2026-02-28T18:48:12.896-05:00  INFO 22944 --- [notification-service] [ntainer#1-0-C-1] o.a.k.c.c.internals.ConsumerCoordinator  : [Consumer clientId=consumer-notification-group-2, groupId=notification-group] Finished assignment for group at generation 3: {consumer-notification-group-1-f38fc6a6-9e0f-4712-9345-402f1070e990=Assignment(partitions=[order-placed-topic-0]), consumer-notification-group-2-d20ea6d0-63ca-44f2-9c23-5e456cfbdf61=Assignment(partitions=[payment-response-topic-0])}
2026-02-28T18:48:12.939-05:00  INFO 22944 --- [notification-service] [ntainer#0-0-C-1] o.a.k.c.c.internals.ConsumerCoordinator  : [Consumer clientId=consumer-notification-group-1, groupId=notification-group] Successfully synced group in generation Generation{generationId=3, memberId='consumer-notification-group-1-f38fc6a6-9e0f-4712-9345-402f1070e990', protocol='range'}
2026-02-28T18:48:12.940-05:00  INFO 22944 --- [notification-service] [ntainer#1-0-C-1] o.a.k.c.c.internals.ConsumerCoordinator  : [Consumer clientId=consumer-notification-group-2, groupId=notification-group] Successfully synced group in generation Generation{generationId=3, memberId='consumer-notification-group-2-d20ea6d0-63ca-44f2-9c23-5e456cfbdf61', protocol='range'}
2026-02-28T18:48:12.941-05:00  INFO 22944 --- [notification-service] [ntainer#1-0-C-1] o.a.k.c.c.internals.ConsumerCoordinator  : [Consumer clientId=consumer-notification-group-2, groupId=notification-group] Notifying assignor about the new Assignment(partitions=[payment-response-topic-0])
2026-02-28T18:48:12.941-05:00  INFO 22944 --- [notification-service] [ntainer#0-0-C-1] o.a.k.c.c.internals.ConsumerCoordinator  : [Consumer clientId=consumer-notification-group-1, groupId=notification-group] Notifying assignor about the new Assignment(partitions=[order-placed-topic-0])
2026-02-28T18:48:12.948-05:00  INFO 22944 --- [notification-service] [ntainer#0-0-C-1] k.c.c.i.ConsumerRebalanceListenerInvoker : [Consumer clientId=consumer-notification-group-1, groupId=notification-group] Adding newly assigned partitions: [order-placed-topic-0]
2026-02-28T18:48:12.948-05:00  INFO 22944 --- [notification-service] [ntainer#1-0-C-1] k.c.c.i.ConsumerRebalanceListenerInvoker : [Consumer clientId=consumer-notification-group-2, groupId=notification-group] Adding newly assigned partitions: [payment-response-topic-0]
2026-02-28T18:48:12.964-05:00  INFO 22944 --- [notification-service] [ntainer#1-0-C-1] o.a.k.c.c.internals.ConsumerCoordinator  : [Consumer clientId=consumer-notification-group-2, groupId=notification-group] Found no committed offset for partition payment-response-topic-0
2026-02-28T18:48:12.964-05:00  INFO 22944 --- [notification-service] [ntainer#0-0-C-1] o.a.k.c.c.internals.ConsumerCoordinator  : [Consumer clientId=consumer-notification-group-1, groupId=notification-group] Found no committed offset for partition order-placed-topic-0
2026-02-28T18:48:12.991-05:00  INFO 22944 --- [notification-service] [ntainer#0-0-C-1] o.a.k.c.c.internals.SubscriptionState    : [Consumer clientId=consumer-notification-group-1, groupId=notification-group] Resetting offset for partition order-placed-topic-0 to position FetchPosition{offset=0, offsetEpoch=Optional.empty, currentLeader=LeaderAndEpoch{leader=Optional[localhost:9092 (id: 1 rack: null isFenced: false)], epoch=0}}.
2026-02-28T18:48:12.991-05:00  INFO 22944 --- [notification-service] [ntainer#1-0-C-1] o.a.k.c.c.internals.SubscriptionState    : [Consumer clientId=consumer-notification-group-2, groupId=notification-group] Resetting offset for partition payment-response-topic-0 to position FetchPosition{offset=0, offsetEpoch=Optional.empty, currentLeader=LeaderAndEpoch{leader=Optional[localhost:9092 (id: 1 rack: null isFenced: false)], epoch=0}}.
2026-02-28T18:48:12.993-05:00  INFO 22944 --- [notification-service] [ntainer#1-0-C-1] o.s.k.l.KafkaMessageListenerContainer    : notification-group: partitions assigned: [payment-response-topic-0]
2026-02-28T18:48:12.993-05:00  INFO 22944 --- [notification-service] [ntainer#0-0-C-1] o.s.k.l.KafkaMessageListenerContainer    : notification-group: partitions assigned: [order-placed-topic-0]
2026-02-28T18:48:42.689-05:00 ERROR 22944 --- [notification-service] [           main] tc.confluentinc/cp-kafka:7.4.0           : Could not start container

java.lang.IllegalStateException: Wait strategy failed. Container exited with code 255
	at org.testcontainers.containers.GenericContainer.tryStart(GenericContainer.java:520) ~[testcontainers-2.0.3.jar:na]
	at org.testcontainers.containers.GenericContainer.lambda$doStart$0(GenericContainer.java:341) ~[testcontainers-2.0.3.jar:na]
	at org.rnorth.ducttape.unreliables.Unreliables.retryUntilSuccess(Unreliables.java:81) ~[duct-tape-1.0.8.jar:na]
	at org.testcontainers.containers.GenericContainer.doStart(GenericContainer.java:331) ~[testcontainers-2.0.3.jar:na]
	at org.testcontainers.containers.GenericContainer.start(GenericContainer.java:317) ~[testcontainers-2.0.3.jar:na]
	at org.testcontainers.junit.jupiter.TestcontainersExtension$StoreAdapter.start(TestcontainersExtension.java:242) ~[junit-jupiter-1.17.6.jar:na]
	at org.testcontainers.junit.jupiter.TestcontainersExtension$StoreAdapter.access$200(TestcontainersExtension.java:229) ~[junit-jupiter-1.17.6.jar:na]
	at org.testcontainers.junit.jupiter.TestcontainersExtension.lambda$null$1(TestcontainersExtension.java:56) ~[junit-jupiter-1.17.6.jar:na]
	at org.junit.platform.engine.support.store.NamespacedHierarchicalStore.lambda$getOrComputeIfAbsent$0(NamespacedHierarchicalStore.java:224) ~[junit-platform-engine-6.0.3.jar:6.0.3]
	at java.base/java.util.concurrent.FutureTask.run(FutureTask.java:264) ~[na:na]
	at org.junit.platform.engine.support.store.NamespacedHierarchicalStore$DeferredSupplier.run(NamespacedHierarchicalStore.java:686) ~[junit-platform-engine-6.0.3.jar:6.0.3]
	at org.junit.platform.engine.support.store.NamespacedHierarchicalStore$StoredValue$DeferredValue.execute(NamespacedHierarchicalStore.java:595) ~[junit-platform-engine-6.0.3.jar:6.0.3]
	at org.junit.platform.engine.support.store.NamespacedHierarchicalStore.getOrComputeIfAbsent(NamespacedHierarchicalStore.java:249) ~[junit-platform-engine-6.0.3.jar:6.0.3]
	at org.junit.jupiter.engine.execution.NamespaceAwareStore.lambda$getOrComputeIfAbsent$0(NamespaceAwareStore.java:62) ~[junit-jupiter-engine-6.0.3.jar:6.0.3]
	at org.junit.jupiter.engine.execution.NamespaceAwareStore.accessStore(NamespaceAwareStore.java:120) ~[junit-jupiter-engine-6.0.3.jar:6.0.3]
	at org.junit.jupiter.engine.execution.NamespaceAwareStore.getOrComputeIfAbsent(NamespaceAwareStore.java:64) ~[junit-jupiter-engine-6.0.3.jar:6.0.3]
	at org.testcontainers.junit.jupiter.TestcontainersExtension.lambda$beforeAll$2(TestcontainersExtension.java:56) ~[junit-jupiter-1.17.6.jar:na]
	at java.base/java.util.ArrayList.forEach(ArrayList.java:1511) ~[na:na]
	at org.testcontainers.junit.jupiter.TestcontainersExtension.beforeAll(TestcontainersExtension.java:55) ~[junit-jupiter-1.17.6.jar:na]
	at org.junit.jupiter.engine.descriptor.CallbackSupport.lambda$invokeBeforeCallbacks$0(CallbackSupport.java:34) ~[junit-jupiter-engine-6.0.3.jar:6.0.3]
	at org.junit.platform.engine.support.hierarchical.ThrowableCollector.execute(ThrowableCollector.java:74) ~[junit-platform-engine-6.0.3.jar:6.0.3]
	at org.junit.jupiter.engine.descriptor.CallbackSupport.invokeBeforeCallbacks(CallbackSupport.java:34) ~[junit-jupiter-engine-6.0.3.jar:6.0.3]
	at org.junit.jupiter.engine.descriptor.ClassBasedTestDescriptor.invokeBeforeAllCallbacks(ClassBasedTestDescriptor.java:436) ~[junit-jupiter-engine-6.0.3.jar:6.0.3]
	at org.junit.jupiter.engine.descriptor.ClassBasedTestDescriptor.before(ClassBasedTestDescriptor.java:247) ~[junit-jupiter-engine-6.0.3.jar:6.0.3]
	at org.junit.jupiter.engine.descriptor.ClassBasedTestDescriptor.before(ClassBasedTestDescriptor.java:88) ~[junit-jupiter-engine-6.0.3.jar:6.0.3]
	at org.junit.platform.engine.support.hierarchical.NodeTestTask.lambda$executeRecursively$2(NodeTestTask.java:173) ~[junit-platform-engine-6.0.3.jar:6.0.3]
	at org.junit.platform.engine.support.hierarchical.ThrowableCollector.execute(ThrowableCollector.java:74) ~[junit-platform-engine-6.0.3.jar:6.0.3]
	at org.junit.platform.engine.support.hierarchical.NodeTestTask.lambda$executeRecursively$1(NodeTestTask.java:166) ~[junit-platform-engine-6.0.3.jar:6.0.3]
	at org.junit.platform.engine.support.hierarchical.Node.around(Node.java:138) ~[junit-platform-engine-6.0.3.jar:6.0.3]
	at org.junit.platform.engine.support.hierarchical.NodeTestTask.lambda$executeRecursively$0(NodeTestTask.java:164) ~[junit-platform-engine-6.0.3.jar:6.0.3]
	at org.junit.platform.engine.support.hierarchical.ThrowableCollector.execute(ThrowableCollector.java:74) ~[junit-platform-engine-6.0.3.jar:6.0.3]
	at org.junit.platform.engine.support.hierarchical.NodeTestTask.executeRecursively(NodeTestTask.java:163) ~[junit-platform-engine-6.0.3.jar:6.0.3]
	at org.junit.platform.engine.support.hierarchical.NodeTestTask.execute(NodeTestTask.java:116) ~[junit-platform-engine-6.0.3.jar:6.0.3]
	at java.base/java.util.ArrayList.forEach(ArrayList.java:1511) ~[na:na]
	at org.junit.platform.engine.support.hierarchical.SameThreadHierarchicalTestExecutorService.invokeAll(SameThreadHierarchicalTestExecutorService.java:42) ~[junit-platform-engine-6.0.3.jar:6.0.3]
	at org.junit.platform.engine.support.hierarchical.NodeTestTask.lambda$executeRecursively$2(NodeTestTask.java:180) ~[junit-platform-engine-6.0.3.jar:6.0.3]
	at org.junit.platform.engine.support.hierarchical.ThrowableCollector.execute(ThrowableCollector.java:74) ~[junit-platform-engine-6.0.3.jar:6.0.3]
	at org.junit.platform.engine.support.hierarchical.NodeTestTask.lambda$executeRecursively$1(NodeTestTask.java:166) ~[junit-platform-engine-6.0.3.jar:6.0.3]
	at org.junit.platform.engine.support.hierarchical.Node.around(Node.java:138) ~[junit-platform-engine-6.0.3.jar:6.0.3]
	at org.junit.platform.engine.support.hierarchical.NodeTestTask.lambda$executeRecursively$0(NodeTestTask.java:164) ~[junit-platform-engine-6.0.3.jar:6.0.3]
	at org.junit.platform.engine.support.hierarchical.ThrowableCollector.execute(ThrowableCollector.java:74) ~[junit-platform-engine-6.0.3.jar:6.0.3]
	at org.junit.platform.engine.support.hierarchical.NodeTestTask.executeRecursively(NodeTestTask.java:163) ~[junit-platform-engine-6.0.3.jar:6.0.3]
	at org.junit.platform.engine.support.hierarchical.NodeTestTask.execute(NodeTestTask.java:116) ~[junit-platform-engine-6.0.3.jar:6.0.3]
	at org.junit.platform.engine.support.hierarchical.SameThreadHierarchicalTestExecutorService.submit(SameThreadHierarchicalTestExecutorService.java:36) ~[junit-platform-engine-6.0.3.jar:6.0.3]
	at org.junit.platform.engine.support.hierarchical.HierarchicalTestExecutor.execute(HierarchicalTestExecutor.java:52) ~[junit-platform-engine-6.0.3.jar:6.0.3]
	at org.junit.platform.engine.support.hierarchical.HierarchicalTestEngine.execute(HierarchicalTestEngine.java:58) ~[junit-platform-engine-6.0.3.jar:6.0.3]
	at org.junit.platform.launcher.core.EngineExecutionOrchestrator.executeEngine(EngineExecutionOrchestrator.java:246) ~[junit-platform-launcher-6.0.3.jar:6.0.3]
	at org.junit.platform.launcher.core.EngineExecutionOrchestrator.failOrExecuteEngine(EngineExecutionOrchestrator.java:218) ~[junit-platform-launcher-6.0.3.jar:6.0.3]
	at org.junit.platform.launcher.core.EngineExecutionOrchestrator.execute(EngineExecutionOrchestrator.java:179) ~[junit-platform-launcher-6.0.3.jar:6.0.3]
	at org.junit.platform.launcher.core.EngineExecutionOrchestrator.execute(EngineExecutionOrchestrator.java:108) ~[junit-platform-launcher-6.0.3.jar:6.0.3]
	at org.junit.platform.launcher.core.EngineExecutionOrchestrator.lambda$execute$0(EngineExecutionOrchestrator.java:66) ~[junit-platform-launcher-6.0.3.jar:6.0.3]
	at org.junit.platform.launcher.core.EngineExecutionOrchestrator.withInterceptedStreams(EngineExecutionOrchestrator.java:157) ~[junit-platform-launcher-6.0.3.jar:6.0.3]
	at org.junit.platform.launcher.core.EngineExecutionOrchestrator.execute(EngineExecutionOrchestrator.java:65) ~[junit-platform-launcher-6.0.3.jar:6.0.3]
	at org.junit.platform.launcher.core.DefaultLauncher.execute(DefaultLauncher.java:125) ~[junit-platform-launcher-6.0.3.jar:6.0.3]
	at org.junit.platform.launcher.core.DefaultLauncher.execute(DefaultLauncher.java:114) ~[junit-platform-launcher-6.0.3.jar:6.0.3]
	at org.junit.platform.launcher.core.DelegatingLauncher.execute(DelegatingLauncher.java:58) ~[junit-platform-launcher-6.0.3.jar:6.0.3]
	at org.junit.platform.launcher.core.InterceptingLauncher.lambda$execute$2(InterceptingLauncher.java:57) ~[junit-platform-launcher-6.0.3.jar:6.0.3]
	at org.junit.platform.launcher.core.ClasspathAlignmentCheckingLauncherInterceptor.intercept(ClasspathAlignmentCheckingLauncherInterceptor.java:25) ~[junit-platform-launcher-6.0.3.jar:6.0.3]
	at org.junit.platform.launcher.core.InterceptingLauncher.execute(InterceptingLauncher.java:56) ~[junit-platform-launcher-6.0.3.jar:6.0.3]
	at org.junit.platform.launcher.core.DelegatingLauncher.execute(DelegatingLauncher.java:58) ~[junit-platform-launcher-6.0.3.jar:6.0.3]
	at java.base/jdk.internal.reflect.DirectMethodHandleAccessor.invoke(DirectMethodHandleAccessor.java:104) ~[na:na]
	at java.base/java.lang.reflect.Method.invoke(Method.java:577) ~[na:na]
	at org.apache.maven.surefire.api.util.ReflectionUtils.invokeMethodWithArray(ReflectionUtils.java:125) ~[surefire-api-3.5.4.jar:3.5.4]
	at org.apache.maven.surefire.junitplatform.LauncherAdapter.executeWithCancellationToken(LauncherAdapter.java:68) ~[surefire-junit-platform-3.5.4.jar:3.5.4]
	at org.apache.maven.surefire.junitplatform.LauncherAdapter.execute(LauncherAdapter.java:54) ~[surefire-junit-platform-3.5.4.jar:3.5.4]
	at org.apache.maven.surefire.junitplatform.JUnitPlatformProvider.execute(JUnitPlatformProvider.java:203) ~[surefire-junit-platform-3.5.4.jar:3.5.4]
	at org.apache.maven.surefire.junitplatform.JUnitPlatformProvider.invokeAllTests(JUnitPlatformProvider.java:168) ~[surefire-junit-platform-3.5.4.jar:3.5.4]
	at org.apache.maven.surefire.junitplatform.JUnitPlatformProvider.invoke(JUnitPlatformProvider.java:136) ~[surefire-junit-platform-3.5.4.jar:3.5.4]
	at org.apache.maven.surefire.booter.ForkedBooter.runSuitesInProcess(ForkedBooter.java:385) ~[surefire-booter-3.5.4.jar:3.5.4]
	at org.apache.maven.surefire.booter.ForkedBooter.execute(ForkedBooter.java:162) ~[surefire-booter-3.5.4.jar:3.5.4]
	at org.apache.maven.surefire.booter.ForkedBooter.run(ForkedBooter.java:507) ~[surefire-booter-3.5.4.jar:3.5.4]
	at org.apache.maven.surefire.booter.ForkedBooter.main(ForkedBooter.java:495) ~[surefire-booter-3.5.4.jar:3.5.4]
Caused by: org.testcontainers.containers.ContainerLaunchException: Timed out waiting for container port to open (localhost ports: [60940, 60941] should be listening)
	at org.testcontainers.containers.wait.strategy.HostPortWaitStrategy.waitUntilReady(HostPortWaitStrategy.java:112) ~[testcontainers-2.0.3.jar:2.0.3]
	at org.testcontainers.containers.wait.strategy.AbstractWaitStrategy.waitUntilReady(AbstractWaitStrategy.java:52) ~[testcontainers-2.0.3.jar:2.0.3]
	at org.testcontainers.containers.GenericContainer.waitUntilContainerStarted(GenericContainer.java:904) ~[testcontainers-2.0.3.jar:na]
	at org.testcontainers.containers.GenericContainer.tryStart(GenericContainer.java:487) ~[testcontainers-2.0.3.jar:na]
	... 71 common frames omitted

2026-02-28T18:48:42.764-05:00 ERROR 22944 --- [notification-service] [           main] tc.confluentinc/cp-kafka:7.4.0           : There are no stdout/stderr logs available for the failed container
2026-02-28T18:48:42.770-05:00  INFO 22944 --- [notification-service] [ntainer#1-0-C-1] org.apache.kafka.clients.NetworkClient   : [Consumer clientId=consumer-notification-group-2, groupId=notification-group] Node 1 disconnected.
2026-02-28T18:48:42.770-05:00  INFO 22944 --- [notification-service] [ntainer#0-0-C-1] org.apache.kafka.clients.NetworkClient   : [Consumer clientId=consumer-notification-group-1, groupId=notification-group] Node 1 disconnected.
2026-02-28T18:48:42.775-05:00  INFO 22944 --- [notification-service] [ntainer#1-0-C-1] org.apache.kafka.clients.NetworkClient   : [Consumer clientId=consumer-notification-group-2, groupId=notification-group] Cancelled in-flight FETCH request with correlation id 30 due to node 1 being disconnected (elapsed time since creation: 23185ms, elapsed time since send: 23185ms, throttle time: 0ms, request timeout: 30000ms)
2026-02-28T18:48:42.775-05:00  INFO 22944 --- [notification-service] [ntainer#0-0-C-1] org.apache.kafka.clients.NetworkClient   : [Consumer clientId=consumer-notification-group-1, groupId=notification-group] Cancelled in-flight FETCH request with correlation id 31 due to node 1 being disconnected (elapsed time since creation: 23185ms, elapsed time since send: 23185ms, throttle time: 0ms, request timeout: 30000ms)
2026-02-28T18:48:42.777-05:00  INFO 22944 --- [notification-service] [ification-group] org.apache.kafka.clients.Metadata        : [Consumer clientId=consumer-notification-group-1, groupId=notification-group] Rebootstrapping with [localhost/127.0.0.1:9092]
2026-02-28T18:48:42.776-05:00  INFO 22944 --- [notification-service] [ntainer#1-0-C-1] o.a.kafka.clients.FetchSessionHandler    : [Consumer clientId=consumer-notification-group-2, groupId=notification-group] Error sending fetch request (sessionId=728322473, epoch=13) to node 1:

org.apache.kafka.common.errors.DisconnectException

2026-02-28T18:48:42.777-05:00  INFO 22944 --- [notification-service] [ntainer#0-0-C-1] o.a.kafka.clients.FetchSessionHandler    : [Consumer clientId=consumer-notification-group-1, groupId=notification-group] Error sending fetch request (sessionId=1436312046, epoch=13) to node 1:

org.apache.kafka.common.errors.DisconnectException

2026-02-28T18:48:42.778-05:00  INFO 22944 --- [notification-service] [ification-group] org.apache.kafka.clients.Metadata        : [Consumer clientId=consumer-notification-group-2, groupId=notification-group] Rebootstrapping with [localhost/127.0.0.1:9092]
2026-02-28T18:48:42.778-05:00  INFO 22944 --- [notification-service] [ification-group] org.apache.kafka.clients.NetworkClient   : [Consumer clientId=consumer-notification-group-1, groupId=notification-group] Node -1 disconnected.
2026-02-28T18:48:42.778-05:00  INFO 22944 --- [notification-service] [ification-group] org.apache.kafka.clients.NetworkClient   : [Consumer clientId=consumer-notification-group-1, groupId=notification-group] Cancelled in-flight METADATA request with correlation id 39 due to node -1 being disconnected (elapsed time since creation: 2714ms, elapsed time since send: 2714ms, throttle time: 0ms, request timeout: 30000ms)
2026-02-28T18:48:42.779-05:00  WARN 22944 --- [notification-service] [ification-group] org.apache.kafka.clients.NetworkClient   : [Consumer clientId=consumer-notification-group-1, groupId=notification-group] Bootstrap broker localhost:9092 (id: -1 rack: null isFenced: false) disconnected
2026-02-28T18:48:42.782-05:00  INFO 22944 --- [notification-service] [ification-group] org.apache.kafka.clients.NetworkClient   : [Consumer clientId=consumer-notification-group-2, groupId=notification-group] Node -1 disconnected.
2026-02-28T18:48:42.783-05:00  INFO 22944 --- [notification-service] [ntainer#0-0-C-1] org.apache.kafka.clients.NetworkClient   : [Consumer clientId=consumer-notification-group-1, groupId=notification-group] Node 2147483646 disconnected.
2026-02-28T18:48:42.783-05:00  INFO 22944 --- [notification-service] [ification-group] org.apache.kafka.clients.NetworkClient   : [Consumer clientId=consumer-notification-group-2, groupId=notification-group] Cancelled in-flight METADATA request with correlation id 38 due to node -1 being disconnected (elapsed time since creation: 2753ms, elapsed time since send: 2753ms, throttle time: 0ms, request timeout: 30000ms)
2026-02-28T18:48:42.784-05:00  INFO 22944 --- [notification-service] [ntainer#0-0-C-1] org.apache.kafka.clients.NetworkClient   : [Consumer clientId=consumer-notification-group-1, groupId=notification-group] Cancelled in-flight HEARTBEAT request with correlation id 32 due to node 2147483646 being disconnected (elapsed time since creation: 20894ms, elapsed time since send: 20894ms, throttle time: 0ms, request timeout: 30000ms)
2026-02-28T18:48:42.784-05:00  INFO 22944 --- [notification-service] [ntainer#0-0-C-1] org.apache.kafka.clients.NetworkClient   : [Consumer clientId=consumer-notification-group-1, groupId=notification-group] Cancelled in-flight HEARTBEAT request with correlation id 33 due to node 2147483646 being disconnected (elapsed time since creation: 17878ms, elapsed time since send: 17878ms, throttle time: 0ms, request timeout: 30000ms)
2026-02-28T18:48:42.784-05:00  WARN 22944 --- [notification-service] [ification-group] org.apache.kafka.clients.NetworkClient   : [Consumer clientId=consumer-notification-group-2, groupId=notification-group] Bootstrap broker localhost:9092 (id: -1 rack: null isFenced: false) disconnected
2026-02-28T18:48:42.784-05:00  INFO 22944 --- [notification-service] [ntainer#0-0-C-1] org.apache.kafka.clients.NetworkClient   : [Consumer clientId=consumer-notification-group-1, groupId=notification-group] Cancelled in-flight HEARTBEAT request with correlation id 34 due to node 2147483646 being disconnected (elapsed time since creation: 14863ms, elapsed time since send: 14863ms, throttle time: 0ms, request timeout: 30000ms)
2026-02-28T18:48:42.784-05:00  INFO 22944 --- [notification-service] [ntainer#0-0-C-1] org.apache.kafka.clients.NetworkClient   : [Consumer clientId=consumer-notification-group-1, groupId=notification-group] Cancelled in-flight HEARTBEAT request with correlation id 35 due to node 2147483646 being disconnected (elapsed time since creation: 11857ms, elapsed time since send: 11856ms, throttle time: 0ms, request timeout: 30000ms)
2026-02-28T18:48:42.784-05:00  INFO 22944 --- [notification-service] [ntainer#0-0-C-1] org.apache.kafka.clients.NetworkClient   : [Consumer clientId=consumer-notification-group-1, groupId=notification-group] Cancelled in-flight HEARTBEAT request with correlation id 36 due to node 2147483646 being disconnected (elapsed time since creation: 8855ms, elapsed time since send: 8855ms, throttle time: 0ms, request timeout: 30000ms)
2026-02-28T18:48:42.784-05:00  INFO 22944 --- [notification-service] [ification-group] org.apache.kafka.clients.NetworkClient   : [Consumer clientId=consumer-notification-group-2, groupId=notification-group] Node 2147483646 disconnected.
2026-02-28T18:48:42.784-05:00  INFO 22944 --- [notification-service] [ntainer#0-0-C-1] org.apache.kafka.clients.NetworkClient   : [Consumer clientId=consumer-notification-group-1, groupId=notification-group] Cancelled in-flight HEARTBEAT request with correlation id 37 due to node 2147483646 being disconnected (elapsed time since creation: 5840ms, elapsed time since send: 5840ms, throttle time: 0ms, request timeout: 30000ms)
2026-02-28T18:48:42.784-05:00  INFO 22944 --- [notification-service] [ntainer#0-0-C-1] org.apache.kafka.clients.NetworkClient   : [Consumer clientId=consumer-notification-group-1, groupId=notification-group] Cancelled in-flight HEARTBEAT request with correlation id 38 due to node 2147483646 being disconnected (elapsed time since creation: 2829ms, elapsed time since send: 2828ms, throttle time: 0ms, request timeout: 30000ms)
2026-02-28T18:48:42.786-05:00  INFO 22944 --- [notification-service] [ntainer#0-0-C-1] o.a.k.c.c.internals.ConsumerCoordinator  : [Consumer clientId=consumer-notification-group-1, groupId=notification-group] Group coordinator localhost:9092 (id: 2147483646 rack: null isFenced: false) is unavailable or invalid due to cause: null. isDisconnected: true. Rediscovery will be attempted.
2026-02-28T18:48:42.787-05:00  INFO 22944 --- [notification-service] [ification-group] org.apache.kafka.clients.NetworkClient   : [Consumer clientId=consumer-notification-group-2, groupId=notification-group] Cancelled in-flight HEARTBEAT request with correlation id 31 due to node 2147483646 being disconnected (elapsed time since creation: 20893ms, elapsed time since send: 20893ms, throttle time: 0ms, request timeout: 30000ms)
2026-02-28T18:48:42.787-05:00  INFO 22944 --- [notification-service] [ification-group] org.apache.kafka.clients.NetworkClient   : [Consumer clientId=consumer-notification-group-2, groupId=notification-group] Cancelled in-flight HEARTBEAT request with correlation id 32 due to node 2147483646 being disconnected (elapsed time since creation: 17893ms, elapsed time since send: 17893ms, throttle time: 0ms, request timeout: 30000ms)
2026-02-28T18:48:42.788-05:00  INFO 22944 --- [notification-service] [ification-group] org.apache.kafka.clients.NetworkClient   : [Consumer clientId=consumer-notification-group-2, groupId=notification-group] Cancelled in-flight HEARTBEAT request with correlation id 33 due to node 2147483646 being disconnected (elapsed time since creation: 14891ms, elapsed time since send: 14891ms, throttle time: 0ms, request timeout: 30000ms)
2026-02-28T18:48:42.788-05:00  INFO 22944 --- [notification-service] [ification-group] org.apache.kafka.clients.NetworkClient   : [Consumer clientId=consumer-notification-group-2, groupId=notification-group] Cancelled in-flight HEARTBEAT request with correlation id 34 due to node 2147483646 being disconnected (elapsed time since creation: 11887ms, elapsed time since send: 11886ms, throttle time: 0ms, request timeout: 30000ms)
2026-02-28T18:48:42.788-05:00  INFO 22944 --- [notification-service] [ification-group] org.apache.kafka.clients.NetworkClient   : [Consumer clientId=consumer-notification-group-2, groupId=notification-group] Cancelled in-flight HEARTBEAT request with correlation id 35 due to node 2147483646 being disconnected (elapsed time since creation: 8882ms, elapsed time since send: 8882ms, throttle time: 0ms, request timeout: 30000ms)
2026-02-28T18:48:42.788-05:00  INFO 22944 --- [notification-service] [ification-group] org.apache.kafka.clients.NetworkClient   : [Consumer clientId=consumer-notification-group-2, groupId=notification-group] Cancelled in-flight HEARTBEAT request with correlation id 36 due to node 2147483646 being disconnected (elapsed time since creation: 5868ms, elapsed time since send: 5867ms, throttle time: 0ms, request timeout: 30000ms)
2026-02-28T18:48:42.788-05:00  INFO 22944 --- [notification-service] [ification-group] org.apache.kafka.clients.NetworkClient   : [Consumer clientId=consumer-notification-group-2, groupId=notification-group] Cancelled in-flight HEARTBEAT request with correlation id 37 due to node 2147483646 being disconnected (elapsed time since creation: 2856ms, elapsed time since send: 2855ms, throttle time: 0ms, request timeout: 30000ms)
2026-02-28T18:48:42.788-05:00  INFO 22944 --- [notification-service] [ification-group] o.a.k.c.c.internals.ConsumerCoordinator  : [Consumer clientId=consumer-notification-group-2, groupId=notification-group] Group coordinator localhost:9092 (id: 2147483646 rack: null isFenced: false) is unavailable or invalid due to cause: null. isDisconnected: true. Rediscovery will be attempted.
2026-02-28T18:48:42.884-05:00  INFO 22944 --- [notification-service] [ntainer#0-0-C-1] org.apache.kafka.clients.NetworkClient   : [Consumer clientId=consumer-notification-group-1, groupId=notification-group] Node -1 disconnected.
2026-02-28T18:48:42.886-05:00  WARN 22944 --- [notification-service] [ntainer#0-0-C-1] org.apache.kafka.clients.NetworkClient   : [Consumer clientId=consumer-notification-group-1, groupId=notification-group] Connection to node -1 (localhost/127.0.0.1:9092) could not be established. Node may not be available.
2026-02-28T18:48:42.887-05:00  WARN 22944 --- [notification-service] [ntainer#0-0-C-1] org.apache.kafka.clients.NetworkClient   : [Consumer clientId=consumer-notification-group-1, groupId=notification-group] Bootstrap broker localhost:9092 (id: -1 rack: null isFenced: false) disconnected
2026-02-28T18:48:42.907-05:00  INFO 22944 --- [notification-service] [ntainer#1-0-C-1] org.apache.kafka.clients.NetworkClient   : [Consumer clientId=consumer-notification-group-2, groupId=notification-group] Node -1 disconnected.
2026-02-28T18:48:42.909-05:00  WARN 22944 --- [notification-service] [ntainer#1-0-C-1] org.apache.kafka.clients.NetworkClient   : [Consumer clientId=consumer-notification-group-2, groupId=notification-group] Connection to node -1 (localhost/127.0.0.1:9092) could not be established. Node may not be available.
2026-02-28T18:48:42.910-05:00  WARN 22944 --- [notification-service] [ntainer#1-0-C-1] org.apache.kafka.clients.NetworkClient   : [Consumer clientId=consumer-notification-group-2, groupId=notification-group] Bootstrap broker localhost:9092 (id: -1 rack: null isFenced: false) disconnected
2026-02-28T18:48:43.109-05:00  INFO 22944 --- [notification-service] [ntainer#0-0-C-1] org.apache.kafka.clients.NetworkClient   : [Consumer clientId=consumer-notification-group-1, groupId=notification-group] Node -1 disconnected.
2026-02-28T18:48:43.115-05:00  WARN 22944 --- [notification-service] [ntainer#0-0-C-1] org.apache.kafka.clients.NetworkClient   : [Consumer clientId=consumer-notification-group-1, groupId=notification-group] Connection to node -1 (localhost/127.0.0.1:9092) could not be established. Node may not be available.
2026-02-28T18:48:43.115-05:00  WARN 22944 --- [notification-service] [ntainer#0-0-C-1] org.apache.kafka.clients.NetworkClient   : [Consumer clientId=consumer-notification-group-1, groupId=notification-group] Bootstrap broker localhost:9092 (id: -1 rack: null isFenced: false) disconnected
2026-02-28T18:48:43.147-05:00  INFO 22944 --- [notification-service] [ntainer#1-0-C-1] org.apache.kafka.clients.NetworkClient   : [Consumer clientId=consumer-notification-group-2, groupId=notification-group] Node -1 disconnected.
2026-02-28T18:48:43.147-05:00  WARN 22944 --- [notification-service] [ntainer#1-0-C-1] org.apache.kafka.clients.NetworkClient   : [Consumer clientId=consumer-notification-group-2, groupId=notification-group] Connection to node -1 (localhost/127.0.0.1:9092) could not be established. Node may not be available.
2026-02-28T18:48:43.150-05:00  WARN 22944 --- [notification-service] [ntainer#1-0-C-1] org.apache.kafka.clients.NetworkClient   : [Consumer clientId=consumer-notification-group-2, groupId=notification-group] Bootstrap broker localhost:9092 (id: -1 rack: null isFenced: false) disconnected
]]></system-out>
  </testcase>
</testsuite>